\BOOKMARK [0][-]{chapter.1}{\376\377\000W\000p\000r\000o\000w\000a\000d\000z\000e\000n\000i\000e}{}% 1
\BOOKMARK [1][-]{section.1.1}{\376\377\000O\000p\000i\000s\000\040\000a\000n\000a\000l\000i\000z\000o\000w\000a\000n\000e\000g\000o\000\040\000p\000r\000o\000b\000l\000e\000m\000u}{chapter.1}% 2
\BOOKMARK [1][-]{section.1.2}{\376\377\000C\000e\000l\000\040\000p\000r\000o\000j\000e\000k\000t\000u\000,\000\040\000k\000o\000n\000t\000e\000k\000s\000t\000\040\000i\000\040\000z\000a\000k\000r\000e\000s\000\040\000r\000e\000a\000l\000i\000z\000a\000c\000j\000i}{chapter.1}% 3
\BOOKMARK [1][-]{section.1.3}{\376\377\000A\000n\000a\000l\000i\000z\000a\000\040\000i\000s\000t\000n\000i\000e\000j\001\005\000c\000y\000c\000h\000\040\000r\000o\000z\000w\000i\001\005\000z\000a\001\104}{chapter.1}% 4
\BOOKMARK [2][-]{subsection.1.3.1}{\376\377\000W\000o\000d\000G\000u\000r\000u}{section.1.3}% 5
\BOOKMARK [2][-]{subsection.1.3.2}{\376\377\000e\000F\000i\000t\000n\000e\000s\000s}{section.1.3}% 6
\BOOKMARK [2][-]{subsection.1.3.3}{\376\377\000P\000e\000r\000f\000e\000c\000t\000\040\000G\000y\000m}{section.1.3}% 7
\BOOKMARK [2][-]{subsection.1.3.4}{\376\377\000N\000o\000w\000o\001\133\001\007\000\040\000w\000\040\000p\000r\000o\000j\000e\000k\000t\000o\000w\000a\000n\000y\000m\000\040\000s\000y\000s\000t\000e\000m\000i\000e}{section.1.3}% 8
\BOOKMARK [0][-]{chapter.2}{\376\377\000W\000y\000m\000a\000g\000a\000n\000i\000a\000\040\000s\000y\000s\000t\000e\000m\000o\000w\000e\000\040\000i\000\040\000z\000a\001\102\000o\001\174\000e\000n\000i\000a}{}% 9
\BOOKMARK [1][-]{section.2.1}{\376\377\000W\000y\000m\000a\000g\000a\000n\000i\000a\000\040\000f\000u\000n\000k\000c\000j\000o\000n\000a\000l\000n\000e}{chapter.2}% 10
\BOOKMARK [2][-]{subsection.2.1.1}{\376\377\000W\000y\000m\000a\000g\000a\000n\000i\000a\000\040\000d\000l\000a\000\040\000P\000r\000a\000c\000o\000w\000n\000i\000k\000a\000\040\000r\000e\000c\000e\000p\000c\000j\000i}{section.2.1}% 11
\BOOKMARK [2][-]{subsection.2.1.2}{\376\377\000W\000y\000m\000a\000g\000a\000n\000i\000a\000\040\000d\000l\000a\000\040\000A\000d\000m\000i\000n\000i\000s\000t\000r\000a\000t\000o\000r\000a\000\040\000\050\000M\000e\000n\000a\000d\001\174\000e\000r\000a\000\051}{section.2.1}% 12
\BOOKMARK [1][-]{section.2.2}{\376\377\000W\000y\000m\000a\000g\000a\000n\000i\000a\000\040\000n\000i\000e\000f\000u\000n\000k\000c\000j\000o\000n\000a\000l\000n\000e}{chapter.2}% 13
\BOOKMARK [1][-]{section.2.3}{\376\377\000Z\000a\001\102\000o\001\174\000e\000n\000i\000a\000\040\000i\000\040\000o\000g\000r\000a\000n\000i\000c\000z\000e\000n\000i\000a\000\040\000s\000y\000s\000t\000e\000m\000u\000\040\000b\000i\000o\000m\000e\000t\000r\000y\000c\000z\000n\000e\000g\000o}{chapter.2}% 14
\BOOKMARK [0][-]{chapter.3}{\376\377\000O\000p\000i\000s\000\040\000k\000o\000n\000c\000e\000p\000c\000j\000i\000\040\000r\000o\000z\000w\000i\001\005\000z\000a\000n\000i\000a\000\040\000i\000\040\000z\000a\000s\000t\000o\000s\000o\000w\000a\000n\000e\000\040\000m\000e\000t\000o\000d\000y\000\040\000b\000i\000o\000m\000e\000t\000r\000y\000c\000z\000n\000e}{}% 15
\BOOKMARK [1][-]{section.3.1}{\376\377\000O\000g\000\363\000l\000n\000a\000\040\000i\000d\000e\000a\000\040\000d\000z\000i\000a\001\102\000a\000n\000i\000a\000\040\000s\000y\000s\000t\000e\000m\000u}{chapter.3}% 16
\BOOKMARK [1][-]{section.3.2}{\376\377\000S\000c\000h\000e\000m\000a\000t\000\040\000b\000l\000o\000k\000o\000w\000y\000\040\000p\000r\000z\000e\000t\000w\000a\000r\000z\000a\000n\000i\000a\000\040\000d\000a\000n\000y\000c\000h}{chapter.3}% 17
\BOOKMARK [1][-]{section.3.3}{\376\377\000Z\000a\000s\000t\000o\000s\000o\000w\000a\000n\000e\000\040\000m\000e\000t\000o\000d\000y\000\040\000i\000\040\000a\000l\000g\000o\000r\000y\000t\000m\000y}{chapter.3}% 18
\BOOKMARK [2][-]{subsection.3.3.1}{\376\377\000P\000e\000r\000c\000e\000p\000c\000y\000j\000n\000e\000\040\000H\000a\000s\000z\000o\000w\000a\000n\000i\000e\000\040\000O\000b\000r\000a\000z\000u\000\040\000\050\000a\000H\000a\000s\000h\000\051}{section.3.3}% 19
\BOOKMARK [2][-]{subsection.3.3.2}{\376\377\000O\000d\000l\000e\000g\001\102\000o\001\133\001\007\000\040\000i\000\040\000w\000a\000g\000a\000\040\000H\000a\000m\000m\000i\000n\000g\000a\000\040\000w\000\040\000w\000e\000r\000y\000f\000i\000k\000a\000c\000j\000i\000\040\0001\000:\000N}{section.3.3}% 20
\BOOKMARK [2][-]{subsection.3.3.3}{\376\377\000U\000z\000a\000s\000a\000d\000n\000i\000e\000n\000i\000e\000\040\000w\000y\000b\000o\000r\000u\000\040\000z\000a\000s\000t\000o\000s\000o\000w\000a\000n\000y\000c\000h\000\040\000m\000e\000t\000o\000d}{section.3.3}% 21
\BOOKMARK [0][-]{chapter.4}{\376\377\000A\000r\000c\000h\000i\000t\000e\000k\000t\000u\000r\000a\000\040\000i\000\040\000s\000t\000r\000u\000k\000t\000u\000r\000a\000\040\000a\000p\000l\000i\000k\000a\000c\000j\000i}{}% 22
\BOOKMARK [1][-]{section.4.1}{\376\377\000A\000r\000c\000h\000i\000t\000e\000k\000t\000u\000r\000a\000\040\000a\000p\000l\000i\000k\000a\000c\000j\000i}{chapter.4}% 23
\BOOKMARK [1][-]{section.4.2}{\376\377\000S\000t\000r\000u\000k\000t\000u\000r\000a\000\040\000f\000o\000l\000d\000e\000r\000\363\000w\000\040\000i\000\040\000o\000r\000g\000a\000n\000i\000z\000a\000c\000j\000a\000\040\000k\000o\000d\000u}{chapter.4}% 24
\BOOKMARK [1][-]{section.4.3}{\376\377\000W\000z\000o\000r\000c\000e\000\040\000p\000r\000o\000j\000e\000k\000t\000o\000w\000e\000,\000\040\000w\000a\000l\000i\000d\000a\000c\000j\000a\000\040\000i\000\040\000o\000b\000s\001\102\000u\000g\000a\000\040\000b\001\102\001\031\000d\000\363\000w}{chapter.4}% 25
\BOOKMARK [0][-]{chapter.5}{\376\377\000T\000e\000c\000h\000n\000o\000l\000o\000g\000i\000e\000\040\000w\000y\000k\000o\000r\000z\000y\000s\000t\000a\000n\000e\000\040\000w\000\040\000p\000r\000o\000j\000e\000k\000c\000i\000e}{}% 26
\BOOKMARK [1][-]{section.5.1}{\376\377\000T\000e\000c\000h\000n\000o\000l\000o\000g\000i\000e\000\040\000i\000n\000t\000e\000r\000f\000e\000j\000s\000u\000\040\000i\000\040\000d\000o\000s\000t\001\031\000p\000u\000\040\000d\000o\000\040\000d\000a\000n\000y\000c\000h}{chapter.5}% 27
\BOOKMARK [1][-]{section.5.2}{\376\377\000D\000o\000d\000a\000t\000k\000o\000w\000e\000\040\000b\000i\000b\000l\000i\000o\000t\000e\000k\000i\000\040\000i\000\040\000n\000a\000r\000z\001\031\000d\000z\000i\000a}{chapter.5}% 28
\BOOKMARK [1][-]{section.5.3}{\376\377\000U\000z\000a\000s\000a\000d\000n\000i\000e\000n\000i\000e\000\040\000d\000o\000b\000o\000r\000u\000\040\000t\000e\000c\000h\000n\000o\000l\000o\000g\000i\000i}{chapter.5}% 29
\BOOKMARK [0][-]{chapter.6}{\376\377\000P\000r\000o\000j\000e\000k\000t\000\040\000b\000a\000z\000y\000\040\000d\000a\000n\000y\000c\000h}{}% 30
\BOOKMARK [1][-]{section.6.1}{\376\377\000O\000p\000i\000s\000\040\000m\000o\000d\000e\000l\000u\000\040\000d\000a\000n\000y\000c\000h\000\040\000i\000\040\000d\000i\000a\000g\000r\000a\000m\000\040\000E\000R\000D}{chapter.6}% 31
\BOOKMARK [1][-]{section.6.2}{\376\377\000R\000e\000l\000a\000c\000j\000e\000,\000\040\000k\000l\000u\000c\000z\000e\000\040\000i\000\040\000n\000o\000r\000m\000a\000l\000i\000z\000a\000c\000j\000a\000\040\000b\000a\000z\000y\000\040\000d\000a\000n\000y\000c\000h}{chapter.6}% 32
\BOOKMARK [1][-]{section.6.3}{\376\377\000I\000n\000t\000e\000g\000r\000a\000l\000n\000o\001\133\001\007\000\040\000d\000a\000n\000y\000c\000h\000\040\000i\000\040\000m\000i\000g\000r\000a\000c\000j\000e}{chapter.6}% 33
\BOOKMARK [2][-]{subsection.6.3.1}{\376\377\000B\000e\000z\000p\000i\000e\000c\000z\000n\000e\000\040\000p\000r\000z\000e\000c\000h\000o\000w\000y\000w\000a\000n\000i\000e\000\040\000d\000a\000n\000y\000c\000h}{section.6.3}% 34
\BOOKMARK [0][-]{chapter.7}{\376\377\000I\000m\000p\000l\000e\000m\000e\000n\000t\000a\000c\000j\000a\000\040\000a\000p\000l\000i\000k\000a\000c\000j\000i}{}% 35
\BOOKMARK [1][-]{section.7.1}{\376\377\000L\000o\000g\000i\000k\000a\000\040\000d\000z\000i\000a\001\102\000a\000n\000i\000a\000\040\000a\000p\000l\000i\000k\000a\000c\000j\000i\000\040\000i\000\040\000o\000p\000e\000r\000a\000c\000j\000e\000\040\000C\000R\000U\000D}{chapter.7}% 36
\BOOKMARK [1][-]{section.7.2}{\376\377\000M\000e\000c\000h\000a\000n\000i\000z\000m\000y\000\040\000b\000e\000z\000p\000i\000e\000c\000z\000e\001\104\000s\000t\000w\000a\000\040\000i\000\040\000a\000u\000t\000o\000r\000y\000z\000a\000c\000j\000i\000\040\000b\000i\000o\000m\000e\000t\000r\000y\000c\000z\000n\000e\000j}{chapter.7}% 37
\BOOKMARK [0][-]{chapter.8}{\376\377\000P\000r\000e\000z\000e\000n\000t\000a\000c\000j\000a\000\040\000w\000a\000r\000s\000t\000w\000y\000\040\000u\001\174\000y\000t\000k\000o\000w\000e\000j\000\040\000p\000r\000o\000j\000e\000k\000t\000u}{}% 38
\BOOKMARK [1][-]{section.8.1}{\376\377\000L\000o\000g\000o\000w\000a\000n\000i\000e\000\040\000i\000\040\000P\000a\000n\000e\000l\000\040\000G\001\102\000\363\000w\000n\000y}{chapter.8}% 39
\BOOKMARK [2][-]{subsection.8.1.1}{\376\377\000L\000o\000g\000o\000w\000a\000n\000i\000e\000\040\000d\000o\000\040\000s\000y\000s\000t\000e\000m\000u}{section.8.1}% 40
\BOOKMARK [2][-]{subsection.8.1.2}{\376\377\000P\000a\000n\000e\000l\000\040\000g\001\102\000\363\000w\000n\000y\000\040\000i\000\040\000r\000\363\001\174\000n\000i\000c\000e\000\040\000w\000\040\000u\000p\000r\000a\000w\000n\000i\000e\000n\000i\000a\000c\000h}{section.8.1}% 41
\BOOKMARK [2][-]{subsection.8.1.3}{\376\377\000P\000u\000l\000p\000i\000t\000\040\000p\000o\000d\000s\000u\000m\000o\000w\000u\000j\001\005\000c\000y}{section.8.1}% 42
\BOOKMARK [1][-]{section.8.2}{\376\377\000Z\000a\000r\000z\001\005\000d\000z\000a\000n\000i\000e\000\040\000d\000a\000n\000y\000m\000i\000\040\000i\000\040\000f\000u\000n\000k\000c\000j\000e\000\040\000m\000o\000d\000u\001\102\000\363\000w}{chapter.8}% 43
\BOOKMARK [2][-]{subsection.8.2.1}{\376\377\000Z\000a\000r\000z\001\005\000d\000z\000a\000n\000i\000e\000\040\000k\000l\000i\000e\000n\000t\000a\000m\000i\000\040\000i\000\040\000p\000e\000r\000s\000o\000n\000e\000l\000e\000m}{section.8.2}% 44
\BOOKMARK [2][-]{subsection.8.2.2}{\376\377\000W\000y\000d\000a\000r\000z\000e\000n\000i\000a}{section.8.2}% 45
\BOOKMARK [2][-]{subsection.8.2.3}{\376\377\000O\000f\000e\000r\000t\000a\000\040\000i\000\040\000c\000e\000n\000n\000i\000k}{section.8.2}% 46
\BOOKMARK [2][-]{subsection.8.2.4}{\376\377\000T\000r\000a\000n\000s\000a\000k\000c\000j\000e}{section.8.2}% 47
\BOOKMARK [2][-]{subsection.8.2.5}{\376\377\000P\000o\000w\000i\000a\000d\000o\000m\000i\000e\000n\000i\000a}{section.8.2}% 48
\BOOKMARK [1][-]{section.8.3}{\376\377\000P\000r\000z\000y\000k\001\102\000a\000d\000o\000w\000e\000\040\000s\000c\000e\000n\000a\000r\000i\000u\000s\000z\000e\000\040\000d\000z\000i\000a\001\102\000a\000n\000i\000a\000\040\000\050\000b\000i\000o\000m\000e\000t\000r\000i\000a\000\040\000i\000\040\000a\000u\000t\000o\000r\000y\000z\000a\000c\000j\000a\000\040\000w\000e\000j\001\133\001\007\000\051}{chapter.8}% 49
\BOOKMARK [2][-]{subsection.8.3.1}{\376\377\000Z\000a\000r\000z\001\005\000d\000z\000a\000n\000i\000e\000\040\000w\000z\000o\000r\000c\000a\000m\000i\000\040\000b\000i\000o\000m\000e\000t\000r\000y\000c\000z\000n\000y\000m\000i}{section.8.3}% 50
\BOOKMARK [2][-]{subsection.8.3.2}{\376\377\000S\000c\000e\000n\000a\000r\000i\000u\000s\000z\000\040\0001\000:\000\040\000W\000e\000j\001\133\000c\000i\000e\000\040\000w\000e\000r\000y\000f\000i\000k\000o\000w\000a\000n\000e\000\040\000c\000z\000y\000t\000n\000i\000k\000i\000e\000m\000\040\000l\000i\000n\000i\000i\000\040\000p\000a\000p\000i\000l\000a\000r\000n\000y\000c\000h}{section.8.3}% 51
\BOOKMARK [2][-]{subsection.8.3.3}{\376\377\000S\000c\000e\000n\000a\000r\000i\000u\000s\000z\000\040\0002\000:\000\040\000W\000e\000j\001\133\000c\000i\000e\000\040\000w\000e\000r\000y\000f\000i\000k\000o\000w\000a\000n\000e\000\040\000k\000o\000d\000e\000m\000\040\000Q\000R}{section.8.3}% 52
\BOOKMARK [0][-]{chapter.9}{\376\377\000W\000y\000n\000i\000k\000i\000\040\000i\000\040\000e\000k\000s\000p\000e\000r\000y\000m\000e\000n\000t\000y}{}% 53
\BOOKMARK [1][-]{section.9.1}{\376\377\000Z\000a\001\102\000o\001\174\000e\000n\000i\000a\000\040\000i\000\040\000m\000e\000t\000o\000d\000y\000k\000a\000\040\000t\000e\000s\000t\000\363\000w}{chapter.9}% 54
\BOOKMARK [1][-]{section.9.2}{\376\377\000S\000k\000u\000t\000e\000c\000z\000n\000o\001\133\001\007\000\040\000a\000l\000g\000o\000r\000y\000t\000m\000u\000\040\000i\000\040\000w\000p\001\102\000y\000w\000\040\000p\000a\000r\000a\000m\000e\000t\000r\000\363\000w}{chapter.9}% 55
\BOOKMARK [2][-]{subsection.9.2.1}{\376\377\000D\000o\000b\000\363\000r\000\040\000p\000r\000o\000g\000u\000\040\000a\000k\000c\000e\000p\000t\000a\000c\000j\000i\000\040\000n\000a\000\040\000p\000o\000z\000i\000o\000m\000i\000e\000\040\0008\0002\000\045}{section.9.2}% 56
\BOOKMARK [2][-]{subsection.9.2.2}{\376\377\000T\000e\000s\000t\000y\000\040\000u\001\102\000o\001\174\000e\000n\000i\000a\000\040\000p\000a\000l\000c\000a}{section.9.2}% 57
\BOOKMARK [1][-]{section.9.3}{\376\377\000A\000n\000a\000l\000i\000z\000a\000\040\000b\000e\000z\000p\000i\000e\000c\000z\000e\001\104\000s\000t\000w\000a\000\040\000i\000\040\000p\000o\000d\000a\000t\000n\000o\001\133\001\007\000\040\000n\000a\000\040\000f\000a\001\102\000s\000z\000e\000r\000s\000t\000w\000a}{chapter.9}% 58
\BOOKMARK [2][-]{subsection.9.3.1}{\376\377\000P\000r\000\363\000b\000y\000\040\000o\000s\000z\000u\000k\000a\000n\000i\000a\000\040\000s\000y\000s\000t\000e\000m\000u}{section.9.3}% 59
\BOOKMARK [2][-]{subsection.9.3.2}{\376\377\000B\000e\000z\000p\000i\000e\000c\000z\000e\001\104\000s\000t\000w\000o\000\040\000d\000a\000n\000y\000c\000h\000\040\000w\000r\000a\001\174\000l\000i\000w\000y\000c\000h}{section.9.3}% 60
\BOOKMARK [1][-]{section.9.4}{\376\377\000E\000w\000a\000l\000u\000a\000c\000j\000a\000\040\000i\000\040\000b\001\102\001\031\000d\000y\000\040\000i\000d\000e\000n\000t\000y\000f\000i\000k\000a\000c\000j\000i\000\040\000w\000\040\001\133\000r\000o\000d\000o\000w\000i\000s\000k\000u\000\040\000r\000o\000b\000o\000c\000z\000y\000m}{chapter.9}% 61
\BOOKMARK [0][-]{chapter.10}{\376\377\000H\000a\000r\000m\000o\000n\000o\000g\000r\000a\000m\000\040\000r\000e\000a\000l\000i\000z\000a\000c\000j\000i\000\040\000p\000r\000o\000j\000e\000k\000t\000u}{}% 62
\BOOKMARK [1][-]{section.10.1}{\376\377\000G\001\102\000\363\000w\000n\000e\000\040\000e\000t\000a\000p\000y\000\040\000t\000w\000o\000r\000z\000e\000n\000i\000a\000\040\000a\000p\000l\000i\000k\000a\000c\000j\000i}{chapter.10}% 63
\BOOKMARK [1][-]{section.10.2}{\376\377\000W\000i\000z\000u\000a\000l\000i\000z\000a\000c\000j\000a\000\040\000h\000a\000r\000m\000o\000n\000o\000g\000r\000a\000m\000u}{chapter.10}% 64
\BOOKMARK [0][-]{chapter.11}{\376\377\000I\000n\000s\000t\000r\000u\000k\000c\000j\000a\000\040\000u\000r\000u\000c\000h\000o\000m\000i\000e\000n\000i\000a\000\040\000p\000r\000o\000j\000e\000k\000t\000u}{}% 65
\BOOKMARK [1][-]{section.11.1}{\376\377\000W\000y\000m\000a\000g\000a\000n\000i\000a\000\040\000s\000y\000s\000t\000e\000m\000o\000w\000e\000\040\000i\000\040\001\133\000r\000o\000d\000o\000w\000i\000s\000k\000o\000\040\000p\000r\000o\000g\000r\000a\000m\000i\000s\000t\000y\000c\000z\000n\000e}{chapter.11}% 66
\BOOKMARK [1][-]{section.11.2}{\376\377\000P\000o\000b\000r\000a\000n\000i\000e\000\040\000p\000r\000o\000j\000e\000k\000t\000u\000\040\000i\000\040\000k\000o\000n\000f\000i\000g\000u\000r\000a\000c\000j\000a\000\040\000b\000a\000z\000y\000\040\000d\000a\000n\000y\000c\000h}{chapter.11}% 67
\BOOKMARK [2][-]{subsection.11.2.1}{\376\377\000O\000d\000t\000w\000o\000r\000z\000e\000n\000i\000e\000\040\000b\000a\000z\000y\000\040\000d\000a\000n\000y\000c\000h\000\040\000z\000\040\000b\000a\000c\000k\000u\000p\000u}{section.11.2}% 68
\BOOKMARK [1][-]{section.11.3}{\376\377\000U\000r\000u\000c\000h\000o\000m\000i\000e\000n\000i\000e\000\040\000a\000p\000l\000i\000k\000a\000c\000j\000i\000\040\000i\000\040\000s\000k\000a\000n\000e\000r\000a\000\040\000b\000i\000o\000m\000e\000t\000r\000y\000c\000z\000n\000e\000g\000o}{chapter.11}% 69
\BOOKMARK [1][-]{section.11.4}{\376\377\000D\000a\000n\000e\000\040\000l\000o\000g\000o\000w\000a\000n\000i\000a\000\040\000d\000o\000\040\000k\000o\000n\000t\000\040\000t\000e\000s\000t\000o\000w\000y\000c\000h}{chapter.11}% 70
\BOOKMARK [0][-]{chapter.12}{\376\377\000P\000o\000d\000s\000u\000m\000o\000w\000a\000n\000i\000e\000\040\000i\000\040\000w\000n\000i\000o\000s\000k\000i\000\040\000k\000o\001\104\000c\000o\000w\000e}{}% 71
\BOOKMARK [1][-]{section.12.1}{\376\377\000O\000c\000e\000n\000a\000\040\000s\000t\000o\000p\000n\000i\000a\000\040\000r\000e\000a\000l\000i\000z\000a\000c\000j\000i\000\040\000z\000a\001\102\000o\001\174\000e\001\104\000\040\000p\000r\000o\000j\000e\000k\000t\000o\000w\000y\000c\000h}{chapter.12}% 72
\BOOKMARK [1][-]{section.12.2}{\376\377\000W\000n\000i\000o\000s\000k\000i\000\040\000z\000\040\000d\000z\000i\000a\001\102\000a\000n\000i\000a\000\040\000s\000y\000s\000t\000e\000m\000u\000\040\000b\000i\000o\000m\000e\000t\000r\000y\000c\000z\000n\000e\000g\000o}{chapter.12}% 73
\BOOKMARK [1][-]{section.12.3}{\376\377\000N\000a\000p\000o\000t\000k\000a\000n\000e\000\040\000p\000r\000o\000b\000l\000e\000m\000y\000\040\000i\000\040\000p\000e\000r\000s\000p\000e\000k\000t\000y\000w\000y\000\040\000r\000o\000z\000w\000o\000j\000u}{chapter.12}% 74
\BOOKMARK [0][-]{section.12.3}{\376\377\000B\000i\000b\000l\000i\000o\000g\000r\000a\000f\000i\000a}{}% 75
\BOOKMARK [0][-]{chapter*.27}{\376\377\000S\000p\000i\000s\000\040\000r\000y\000s\000u\000n\000k\000\363\000w}{}% 76
\BOOKMARK [0][-]{chapter*.27}{\376\377\000S\000p\000i\000s\000\040\000t\000a\000b\000e\000l}{}% 77
\BOOKMARK [0][-]{chapter*.27}{\376\377\000S\000p\000i\000s\000\040\000l\000i\000s\000t\000i\000n\000g\000\363\000w}{}% 78
